iMPACT Version: Oct 18 2007 23:07:04

iMPACT log file Started on Wed May 12 08:49:55 2010

Preference Table
Name                 Setting             
StartupClock         Auto_Correction     
AutoSignature        False               
KeepSVF              False               
ConcurrentMode       False               
UseHighz             False               
ConfigOnFailure      Stop                
UserLevel            Novice              
MessageLevel         Detailed            
svfUseTime           false               
SpiByteSwap          Auto_Correction     
AutoDetecting cable. Please wait.
Reusing 78018001 key.
Reusing FC018001 key.
Connecting to cable (Parallel Port - parport0).
 libusb-driver.so version: 2009-05-31 18:26:14.
 parport0: baseAddress=0x0, ecpAddress=0x400
 LPT base address = 0000h.
 ECP base address = 0400h.
Cable connection failed.
Reusing 79018001 key.
Reusing FD018001 key.
Connecting to cable (Parallel Port - parport1).
 libusb-driver.so version: 2009-05-31 18:26:14.
Cable connection failed.
Reusing 7A018001 key.
Reusing FE018001 key.
Connecting to cable (Parallel Port - parport2).
 libusb-driver.so version: 2009-05-31 18:26:14.
Cable connection failed.
Reusing 7B018001 key.
Reusing FF018001 key.
Connecting to cable (Parallel Port - parport3).
 libusb-driver.so version: 2009-05-31 18:26:14.
Cable connection failed.
Reusing A0018001 key.
Reusing 24018001 key.
Connecting to cable (Usb Port - USB21).
Checking cable driver.
File version of /opt/xilinx/ise/bin/lin/xusbdfwu.hex = 1030.
File version of /usr/share/xusbdfwu.hex = 1030.
 libusb-driver.so version: 2009-05-31 18:26:14.
 Cable PID = 0008.
 Max current requested during enumeration is 280 mA.
Type = 0x0605.
 Cable Type = 3, Revision = 0.
 Setting cable speed to 6 MHz.
Cable connection established.
Firmware version = 1030.
File version of /opt/xilinx/ise/data/xusbdfwu.hex = 1027.
Firmware hex file version = 1027.
CPLD file version = 0012h.
CPLD version = 0012h.
Identifying chain contents ....'1': : Manufacturer's ID =Xilinx xc2vp30, Version : 1
INFO:iMPACT:1777 - 
   Reading /opt/xilinx/ise/virtex2p/data/xc2vp30.bsd...
INFO:iMPACT:501 - '1': Added Device xc2vp30 successfully.
----------------------------------------------------------------------
----------------------------------------------------------------------
'2': : Manufacturer's ID =Xilinx xccace, Version : 0
INFO:iMPACT:1777 - 
   Reading /opt/xilinx/ise/acecf/data/xccace.bsd...
INFO:iMPACT:501 - '1': Added Device xccace successfully.
----------------------------------------------------------------------
----------------------------------------------------------------------
'3': : Manufacturer's ID =Xilinx xcf32p, Version : 15
INFO:iMPACT:1777 - 
   Reading /opt/xilinx/ise/xcfp/data/xcf32p.bsd...
INFO:iMPACT:501 - '1': Added Device xcf32p successfully.
----------------------------------------------------------------------
----------------------------------------------------------------------
done.
Elapsed time =      0 sec.
Elapsed time =      0 sec.
Elapsed time =      0 sec.
Elapsed time =      0 sec.
ERROR:iMPACT:342 - Open file error, file   opb_eth_tft_cf/implementation/system.bit may not exist
Maximum TCK operating frequency for this device chain: 15000000.
Validating chain...
Boundary-scan chain validated successfully.
